<?xml version="1.0" encoding="UTF-8"?>
<!-- Generated by org.testng.reporters.JUnitReportReporter -->
<testsuite hostname="DESKTOP-O0U48S3" failures="0" tests="1" name="mavendemopackage.DemoTest" time="0.004" errors="0" timestamp="2023-04-25T12:40:00 IST" skipped="0">
  <testcase classname="mavendemopackage.DemoTest" name="demotest" time="0.004"/>
  <system-out/>
</testsuite> <!-- mavendemopackage.DemoTest -->
