<?xml version="1.0" encoding="UTF-8"?>
<!-- Generated by org.testng.reporters.JUnitReportReporter -->
<testsuite hostname="DESKTOP-O0U48S3" failures="0" tests="1" name="mavendemopackage.Fetchdatafrommaven" time="4.182" errors="0" timestamp="2023-04-19T19:47:48 IST" skipped="0">
  <testcase classname="mavendemopackage.Fetchdatafrommaven" name="parameters" time="4.182"/>
  <system-out/>
</testsuite> <!-- mavendemopackage.Fetchdatafrommaven -->
