<?xml version="1.0" encoding="UTF-8"?>
<!-- Generated by org.testng.reporters.JUnitReportReporter -->
<testsuite skipped="0" hostname="DESKTOP-O0U48S3" name="mavendemopackage.DemoTest" tests="1" failures="0" timestamp="2023-04-25T12:41:20 IST" time="0.002" errors="0">
  <testcase name="demotest" time="0.002" classname="mavendemopackage.DemoTest"/>
  <system-out/>
</testsuite> <!-- mavendemopackage.DemoTest -->
